\BOOKMARK [1][-]{section.1}{\376\377\000B\000a\000s\000i\000c\000s}{}% 1
\BOOKMARK [2][-]{subsection.1.1}{\376\377\000S\000t\000r\000i\000n\000g}{section.1}% 2
\BOOKMARK [2][-]{subsection.1.2}{\376\377\000L\000a\000n\000g\000u\000a\000g\000e}{section.1}% 3
\BOOKMARK [2][-]{subsection.1.3}{\376\377\000A\000l\000p\000h\000a\000b\000e\000t}{section.1}% 4
\BOOKMARK [2][-]{subsection.1.4}{\376\377\000K\000l\000e\000e\000n\000e\000\040\000S\000t\000a\000r}{section.1}% 5
\BOOKMARK [2][-]{subsection.1.5}{\376\377\000C\000o\000n\000c\000a\000t\000e\000n\000a\000t\000i\000o\000n}{section.1}% 6
\BOOKMARK [2][-]{subsection.1.6}{\376\377\000S\000u\000b\000s\000t\000r\000i\000n\000g\000s\000,\000\040\000P\000r\000e\000f\000i\000x\000e\000s\000,\000\040\000a\000n\000d\000\040\000S\000u\000f\000f\000i\000x\000e\000s}{section.1}% 7
\BOOKMARK [2][-]{subsection.1.7}{\376\377\000R\000e\000v\000e\000r\000s\000a\000l}{section.1}% 8
\BOOKMARK [2][-]{subsection.1.8}{\376\377\000L\000a\000n\000g\000u\000a\000g\000e\000\040\000O\000p\000e\000r\000a\000t\000i\000o\000n\000s}{section.1}% 9
\BOOKMARK [2][-]{subsection.1.9}{\376\377\000D\000e\000t\000e\000r\000m\000i\000n\000i\000s\000t\000i\000c\000\040\000a\000n\000d\000\040\000N\000o\000n\000d\000e\000t\000e\000r\000m\000i\000n\000i\000s\000t\000i\000c\000\040\000M\000a\000c\000h\000i\000n\000e\000s}{section.1}% 10
\BOOKMARK [2][-]{subsection.1.10}{\376\377\000T\000r\000a\000n\000s\000i\000t\000i\000o\000n\000\040\000F\000u\000n\000c\000t\000i\000o\000n}{section.1}% 11
\BOOKMARK [2][-]{subsection.1.11}{\376\377\000A\000c\000c\000e\000p\000t\000a\000n\000c\000e\000\040\000o\000f\000\040\000a\000\040\000S\000t\000r\000i\000n\000g}{section.1}% 12
\BOOKMARK [2][-]{subsection.1.12}{\376\377\000F\000i\000n\000i\000t\000e\000\040\000A\000u\000t\000o\000m\000a\000t\000a}{section.1}% 13
\BOOKMARK [1][-]{section.2}{\376\377\000F\000i\000n\000i\000t\000e\000\040\000s\000t\000a\000t\000e\000\040\000m\000a\000c\000h\000i\000n\000e\000s\000\040\000\050\000F\000S\000M\000\051}{}% 14
\BOOKMARK [2][-]{subsection.2.1}{\376\377\000A\000c\000c\000e\000p\000t\000o\000r}{section.2}% 15
\BOOKMARK [2][-]{subsection.2.2}{\376\377\000E\000q\000u\000i\000v\000a\000l\000e\000n\000c\000e\000\040\000o\000f\000\040\000s\000t\000a\000t\000e\000s}{section.2}% 16
\BOOKMARK [2][-]{subsection.2.3}{\376\377\000T\000r\000a\000n\000s\000d\000u\000c\000e\000r\000\040\000\050\000T\000r\000a\000n\000s\000f\000o\000r\000m\000a\000t\000o\000r\000\051}{section.2}% 17
\BOOKMARK [3][-]{subsubsection.2.3.1}{\376\377\000N\000o\000t\000\040\000o\000n\000\040\000d\000e\000t\000e\000r\000m\000i\000n\000i\000s\000m}{subsection.2.3}% 18
\BOOKMARK [2][-]{subsection.2.4}{\376\377\000N\000o\000t\000e\000\040\000o\000n\000\040\000D\000e\000t\000e\000r\000m\000i\000n\000i\000s\000m\000\040\000o\000f\000\040\000T\000r\000a\000n\000s\000d\000u\000c\000e\000r\000s}{section.2}% 19
\BOOKMARK [2][-]{subsection.2.5}{\376\377\000P\000r\000o\000b\000a\000b\000a\000l\000i\000s\000t\000i\000c\000\040\000a\000u\000t\000o\000m\000a\000t\000a}{section.2}% 20
\BOOKMARK [2][-]{subsection.2.6}{\376\377\000P\000u\000m\000p\000i\000n\000g\000\040\000l\000e\000m\000m\000a\000\040\000f\000o\000r\000\040\000R\000e\000g\000u\000l\000a\000r\000\040\000L\000a\000n\000g\000u\000a\000g\000e\000s\000\040}{section.2}% 21
\BOOKMARK [3][-]{subsubsection.2.6.1}{\376\377\000E\000x\000a\000m\000p\000l\000e\000:\000\040\000E\000v\000e\000n\000\040\000P\000a\000l\000i\000n\000d\000r\000o\000m\000e\000\040\000L\000a\000n\000g\000u\000a\000g\000e\000\040\000i\000s\000\040\000N\000o\000t\000\040\000R\000e\000g\000u\000l\000a\000r}{subsection.2.6}% 22
\BOOKMARK [3][-]{subsubsection.2.6.2}{\376\377\000E\000x\000a\000m\000p\000l\000e\000:\000\040\000A\000n\000B\000n\000\040\000L\000a\000n\000g\000u\000a\000g\000e\000\040\000i\000s\000\040\000N\000o\000t\000\040\000R\000e\000g\000u\000l\000a\000r\000\040}{subsection.2.6}% 23
\BOOKMARK [1][-]{section.3}{\376\377\000R\000e\000g\000e\000x\000\040\000\050\000R\000e\000g\000u\000l\000a\000r\000\040\000e\000x\000p\000r\000e\000s\000s\000i\000o\000n\000s\000\051}{}% 24
\BOOKMARK [2][-]{subsection.3.1}{\376\377\000B\000u\000i\000l\000d\000i\000n\000g\000\040\000R\000e\000g\000e\000x\000\040\000f\000r\000o\000m\000\040\000F\000S\000M}{section.3}% 25
\BOOKMARK [3][-]{subsubsection.3.1.1}{\376\377\000E\000x\000a\000m\000p\000l\000e\000:\000\040\000B\000u\000i\000l\000d\000i\000n\000g\000\040\000F\000S\000M\000\040\000f\000r\000o\000m\000\040\000R\000e\000g\000e\000x}{subsection.3.1}% 26
\BOOKMARK [2][-]{subsection.3.2}{\376\377\000B\000u\000i\000l\000d\000i\000n\000g\000\040\000R\000e\000g\000e\000x\000\040\000f\000r\000o\000m\000\040\000F\000S\000M}{section.3}% 27
\BOOKMARK [3][-]{subsubsection.3.2.1}{\376\377\000E\000x\000a\000m\000p\000l\000e\000:\000\040\000B\000u\000i\000l\000d\000i\000n\000g\000\040\000R\000e\000g\000e\000x\000\040\000f\000r\000o\000m\000\040\000F\000S\000M}{subsection.3.2}% 28
\BOOKMARK [1][-]{section.4}{\376\377\000C\000o\000n\000t\000e\000x\000t\000-\000f\000r\000e\000e\000\040\000l\000a\000n\000g\000u\000a\000g\000e\000s\000\040\000a\000n\000d\000\040\000P\000D\000A}{}% 29
\BOOKMARK [2][-]{subsection.4.1}{\376\377\000P\000D\000A}{section.4}% 30
\BOOKMARK [3][-]{subsubsection.4.1.1}{\376\377\000D\000e\000f\000i\000n\000i\000t\000i\000o\000n\000\040\000o\000f\000\040\000a\000\040\000\050\000N\000o\000n\000d\000e\000t\000e\000r\000m\000i\000n\000i\000s\000t\000i\000c\000\051\000\040\000P\000D\000A\000\040}{subsection.4.1}% 31
